2015-12-22 10:04:56 Workerman[Main.php] start in DEBUG mode
2015-12-22 10:06:33 Workerman[Main.php] Stopping ...
2015-12-22 10:06:33 Workerman[Main.php] has been stopped
2015-12-22 10:06:34 Workerman[Main.php] start in DEBUG mode
2015-12-22 10:09:53 Workerman[Main.php] Stopping ...
2015-12-22 10:09:53 Workerman[Main.php] has been stopped
2015-12-22 10:11:18 Workerman[start.php] start in DEBUG mode
2015-12-22 10:11:41 Workerman[start.php] reloading
2015-12-22 10:11:45 Workerman[start.php] reloading
2015-12-22 10:14:06 Workerman[start.php] reloading
2015-12-22 10:14:41 Workerman[start.php] reloading
2015-12-22 10:15:28 Workerman[start.php] reloading
2015-12-22 10:16:17 Workerman[start.php] reloading
2015-12-22 10:17:14 Workerman[start.php] reloading
2015-12-22 10:17:21 Workerman[start.php] reloading
2015-12-22 10:18:34 Workerman[start.php] reloading
2015-12-22 10:19:10 Workerman[start.php] reloading
2015-12-22 10:20:04 Workerman[start.php] reloading
2015-12-22 10:21:29 Workerman[start.php] reloading
2015-12-22 10:23:48 Workerman[start.php] reloading
2015-12-22 10:24:05 Workerman[start.php] reloading
2015-12-22 10:24:24 Workerman[start.php] Stopping ...
2015-12-22 10:24:24 Workerman[start.php] has been stopped
2015-12-22 10:24:25 Workerman[start.php] start in DEBUG mode
2015-12-22 10:25:28 Workerman[start.php] reloading
2015-12-22 10:25:40 Workerman[start.php] Stopping ...
2015-12-22 10:25:40 Workerman[start.php] has been stopped
2015-12-22 10:25:42 Workerman[start.php] start in DEBUG mode
2015-12-22 10:26:12 Workerman[start.php] reloading
2015-12-22 10:26:25 Workerman[start.php] reloading
2015-12-22 10:26:43 Workerman[start.php] reloading
2015-12-22 10:26:56 Workerman[start.php] reloading
2015-12-22 10:27:12 Workerman[start.php] reloading
2015-12-22 10:27:26 Workerman[start.php] reloading
2015-12-22 10:27:30 Workerman[start.php] Stopping ...
2015-12-22 10:27:30 Workerman[start.php] has been stopped
2015-12-22 10:27:31 Workerman[start.php] start in DEBUG mode
2015-12-22 10:27:39 Workerman[start.php] reloading
2015-12-22 10:27:50 Workerman[start.php] reloading
2015-12-22 10:30:27 Workerman[start.php] Stopping ...
2015-12-22 10:30:27 Workerman[start.php] has been stopped
2015-12-22 10:30:28 Workerman[start.php] start in DEBUG mode
2015-12-22 10:33:20 Workerman[start.php] Stopping ...
2015-12-22 10:33:20 Workerman[start.php] has been stopped
2015-12-22 10:41:18 Workerman[start.php] start in DEBUG mode
2015-12-22 10:42:05 Workerman[start.php] reloading
2015-12-22 10:42:33 Workerman[start.php] reloading
2015-12-22 10:42:34 Workerman[start.php] Stopping ...
2015-12-22 10:42:34 Workerman[start.php] has been stopped
2015-12-22 10:43:08 Workerman[start.php] start in DEBUG mode
2015-12-22 10:43:10 Workerman[start.php] Stopping ...
2015-12-22 10:43:10 Workerman[start.php] has been stopped
2015-12-22 10:43:14 Workerman[start.php] start in DEBUG mode
2015-12-22 10:43:45 Workerman[start.php] reloading
2015-12-22 10:44:19 Workerman[start.php] reloading
